<?xml version="1.0" encoding="UTF-8"?>
<testng-results ignored="0" total="1" passed="1" failed="0" skipped="0">
  <reporter-output>
  </reporter-output>
  <suite started-at="2023-10-02T19:08:22 IST" name="Default suite" finished-at="2023-10-02T19:17:56 IST" duration-ms="574018">
    <groups>
    </groups>
    <test started-at="2023-10-02T19:08:22 IST" name="Default test" finished-at="2023-10-02T19:17:56 IST" duration-ms="574018">
      <class name="testscripts.E2ETest">
        <test-method is-config="true" signature="setUp()[pri:0, instance:testscripts.E2ETest@1f2586d6]" started-at="2023-10-02T19:08:22 IST" name="setUp" finished-at="2023-10-02T19:09:59 IST" duration-ms="97427" status="PASS">
          <reporter-output>
          </reporter-output>
        </test-method> <!-- setUp -->
        <test-method signature="test1()[pri:0, instance:testscripts.E2ETest@1f2586d6]" started-at="2023-10-02T19:09:59 IST" name="test1" finished-at="2023-10-02T19:17:56 IST" duration-ms="476392" status="PASS">
          <reporter-output>
          </reporter-output>
        </test-method> <!-- test1 -->
      </class> <!-- testscripts.E2ETest -->
    </test> <!-- Default test -->
  </suite> <!-- Default suite -->
</testng-results>
